INFO: 2025-08-12 20:27:05,458: main() 'Using profile folder /home/lm/.config/variety/'
INFO: 2025-08-12 20:27:05,459: prepare_config_folder() 'Missing config file, copying it from /usr/share/variety/config/variety.conf'
INFO: 2025-08-12 20:27:05,459: prepare_config_folder() 'Missing ui.conf file, copying it from /usr/share/variety/config/ui.conf'
INFO: 2025-08-12 20:27:05,459: makedirs() 'Creating folder /home/lm/.config/variety/plugins'
INFO: 2025-08-12 20:27:05,459: makedirs() 'Creating folder /home/lm/.config/variety/scripts'
INFO: 2025-08-12 20:27:05,459: prepare_config_folder() 'Missing set_wallpaper file, copying it from /usr/share/variety/scripts/set_wallpaper'
INFO: 2025-08-12 20:27:05,460: prepare_config_folder() 'Missing get_wallpaper file, copying it from /usr/share/variety/scripts/get_wallpaper'
INFO: 2025-08-12 20:27:05,460: makedirs() 'Creating folder /home/lm/.config/variety/wallpaper'
INFO: 2025-08-12 20:27:12,013: write_current_version() 'Writing current version 0.8.13 to .version'
INFO: 2025-08-12 20:27:12,013: perform_upgrade() 'Last run version was 0.8.13 or earlier, current version is 0.8.13'
INFO: 2025-08-12 20:27:12,015: process_command() 'Received command: []'
INFO: 2025-08-12 20:27:12,017: start() 'Using data_path /usr/share/variety'
INFO: 2025-08-12 20:27:12,017: load() 'Jumble loading'
INFO: 2025-08-12 20:27:12,017: _walk_modules() 'Jumble loading module in __init__ from /usr/lib/python3.13/site-packages/variety/plugins/builtin/__init__.py'
INFO: 2025-08-12 20:27:12,018: _walk_modules() 'Jumble loading module in GnomeDisplayModesPlugin from /usr/lib/python3.13/site-packages/variety/plugins/builtin/display_modes/GnomeDisplayModesPlugin.py'
INFO: 2025-08-12 20:27:12,018: load() 'Jumble found plugin class: <class 'GnomeDisplayModesPlugin.GnomeDisplayModesPlugin'>: {'name': 'GnomeDisplayModesPlugin', 'description': 'Display modes relying on the underlying desktop environment', 'version': '1.0', 'author': 'Peter Levi'}'
INFO: 2025-08-12 20:27:12,018: _walk_modules() 'Jumble loading module in LegacyDisplayModesPlugin from /usr/lib/python3.13/site-packages/variety/plugins/builtin/display_modes/LegacyDisplayModesPlugin.py'
INFO: 2025-08-12 20:27:12,018: load() 'Jumble found plugin class: <class 'LegacyDisplayModesPlugin.LegacyDisplayModesPlugin'>: {'name': 'LegacyDisplayModesPlugin', 'description': 'Legacy display mode for compatibility with past Variety versions', 'version': '1.0', 'author': 'Peter Levi'}'
INFO: 2025-08-12 20:27:12,018: _walk_modules() 'Jumble loading module in ResizingDisplayModesPlugin from /usr/lib/python3.13/site-packages/variety/plugins/builtin/display_modes/ResizingDisplayModesPlugin.py'
INFO: 2025-08-12 20:27:12,018: load() 'Jumble found plugin class: <class 'ResizingDisplayModesPlugin.ResizingDisplayModesPlugin'>: {'name': 'ResizingDisplayModesPlugin', 'description': 'Display modes that use image resizing within Variety', 'version': '1.0', 'author': 'Peter Levi'}'
INFO: 2025-08-12 20:27:12,019: _walk_modules() 'Jumble loading module in __init__ from /usr/lib/python3.13/site-packages/variety/plugins/builtin/display_modes/__init__.py'
INFO: 2025-08-12 20:27:12,019: _walk_modules() 'Jumble loading module in APODDownloader from /usr/lib/python3.13/site-packages/variety/plugins/builtin/downloaders/APODDownloader.py'
INFO: 2025-08-12 20:27:12,019: load() 'Jumble found plugin class: <class 'APODDownloader.APODDownloader'>: {'name': 'APODDownloader', 'description': 'NASA Astro Pic of the Day', 'author': 'Peter Levi', 'version': '0.1'}'
INFO: 2025-08-12 20:27:12,019: _walk_modules() 'Jumble loading module in ArtStationDownloader from /usr/lib/python3.13/site-packages/variety/plugins/builtin/downloaders/ArtStationDownloader.py'
INFO: 2025-08-12 20:27:12,019: _walk_modules() 'Jumble loading module in ArtStationSource from /usr/lib/python3.13/site-packages/variety/plugins/builtin/downloaders/ArtStationSource.py'
INFO: 2025-08-12 20:27:12,020: load() 'Jumble found plugin class: <class 'ArtStationSource.ArtStationSource'>: {'name': 'ArtStationSource', 'description': 'Configurable source for fetching images from ArtStation', 'author': 'Denis Gordeev', 'version': '0.1'}'
INFO: 2025-08-12 20:27:12,021: _walk_modules() 'Jumble loading module in BingDownloader from /usr/lib/python3.13/site-packages/variety/plugins/builtin/downloaders/BingDownloader.py'
INFO: 2025-08-12 20:27:12,021: load() 'Jumble found plugin class: <class 'BingDownloader.BingDownloader'>: {'name': 'BingDownloader', 'description': 'Foto do dia por Bing', 'author': 'Peter Levi', 'version': '0.1'}'
INFO: 2025-08-12 20:27:12,021: _walk_modules() 'Jumble loading module in EarthviewDownloader from /usr/lib/python3.13/site-packages/variety/plugins/builtin/downloaders/EarthviewDownloader.py'
INFO: 2025-08-12 20:27:12,021: load() 'Jumble found plugin class: <class 'EarthviewDownloader.EarthviewDownloader'>: {'name': 'EarthviewDownloader', 'description': 'Google Earth View Wallpapers', 'author': 'Peter Levi', 'version': '0.1'}'
INFO: 2025-08-12 20:27:12,021: _walk_modules() 'Jumble loading module in MediaRSSDownloader from /usr/lib/python3.13/site-packages/variety/plugins/builtin/downloaders/MediaRSSDownloader.py'
INFO: 2025-08-12 20:27:12,021: _walk_modules() 'Jumble loading module in MediaRSSSource from /usr/lib/python3.13/site-packages/variety/plugins/builtin/downloaders/MediaRSSSource.py'
INFO: 2025-08-12 20:27:12,022: load() 'Jumble found plugin class: <class 'MediaRSSSource.MediaRSSSource'>: {'name': 'MediaRSSSource', 'description': 'Configurable source for fetching images from MediaRSS feeds', 'author': 'Peter Levi', 'version': '0.1'}'
INFO: 2025-08-12 20:27:12,022: _walk_modules() 'Jumble loading module in NationalGeographicDownloader from /usr/lib/python3.13/site-packages/variety/plugins/builtin/downloaders/NationalGeographicDownloader.py'
INFO: 2025-08-12 20:27:12,022: load() 'Jumble found plugin class: <class 'NationalGeographicDownloader.NationalGeographicDownloader'>: {'name': 'NationalGeographicDownloader', 'description': "National Geographic's photo of the day", 'author': 'Eric Rösch', 'version': '0.1'}'
INFO: 2025-08-12 20:27:12,022: _walk_modules() 'Jumble loading module in RedditDownloader from /usr/lib/python3.13/site-packages/variety/plugins/builtin/downloaders/RedditDownloader.py'
INFO: 2025-08-12 20:27:12,022: _walk_modules() 'Jumble loading module in RedditSource from /usr/lib/python3.13/site-packages/variety/plugins/builtin/downloaders/RedditSource.py'
INFO: 2025-08-12 20:27:12,023: load() 'Jumble found plugin class: <class 'RedditSource.RedditSource'>: {'name': 'RedditSource', 'description': 'Configurable source for fetching images from Reddit', 'author': 'Peter Levi', 'version': '0.1'}'
INFO: 2025-08-12 20:27:12,023: _walk_modules() 'Jumble loading module in UnsplashConfigurableSource from /usr/lib/python3.13/site-packages/variety/plugins/builtin/downloaders/UnsplashConfigurableSource.py'
INFO: 2025-08-12 20:27:12,023: load() 'Jumble found plugin class: <class 'UnsplashConfigurableSource.UnsplashConfigurableSource'>: {'name': 'UnsplashConfigurableSource', 'description': 'Configurable source for fetching photos from Unsplash.com', 'author': 'Peter Levi', 'version': '0.1'}'
INFO: 2025-08-12 20:27:12,023: _walk_modules() 'Jumble loading module in UnsplashDownloader from /usr/lib/python3.13/site-packages/variety/plugins/builtin/downloaders/UnsplashDownloader.py'
INFO: 2025-08-12 20:27:12,024: load() 'Jumble found plugin class: <class 'UnsplashDownloader.UnsplashDownloader'>: {'name': 'UnsplashDownloader', 'description': 'Fotos de alta resolução por Unsplash.com', 'author': 'Peter Levi', 'version': '0.1'}'
INFO: 2025-08-12 20:27:12,024: _walk_modules() 'Jumble loading module in WallhavenDownloader from /usr/lib/python3.13/site-packages/variety/plugins/builtin/downloaders/WallhavenDownloader.py'
INFO: 2025-08-12 20:27:12,024: _walk_modules() 'Jumble loading module in WallhavenLegacyDownloader from /usr/lib/python3.13/site-packages/variety/plugins/builtin/downloaders/WallhavenLegacyDownloader.py'
INFO: 2025-08-12 20:27:12,024: _walk_modules() 'Jumble loading module in WallhavenSource from /usr/lib/python3.13/site-packages/variety/plugins/builtin/downloaders/WallhavenSource.py'
INFO: 2025-08-12 20:27:12,025: load() 'Jumble found plugin class: <class 'WallhavenSource.WallhavenSource'>: {'name': 'WallhavenSource', 'description': 'Configurable source for fetching images from Wallhaven.cc', 'author': 'Peter Levi', 'version': '0.1'}'
INFO: 2025-08-12 20:27:12,025: _walk_modules() 'Jumble loading module in __init__ from /usr/lib/python3.13/site-packages/variety/plugins/builtin/downloaders/__init__.py'
INFO: 2025-08-12 20:27:12,025: _walk_modules() 'Jumble loading module in FortuneSource from /usr/lib/python3.13/site-packages/variety/plugins/builtin/quotes/FortuneSource.py'
INFO: 2025-08-12 20:27:12,025: load() 'Jumble found plugin class: <class 'FortuneSource.FortuneSource'>: {'name': 'UNIX fortune program', 'description': 'Displays quotes using the UNIX fortune program. You may want to install additional fortune packs, e.g. fortunes-bofh-excuses.', 'author': 'Dan Jones', 'version': '0.1'}'
INFO: 2025-08-12 20:27:12,026: _walk_modules() 'Jumble loading module in GoodreadsSource from /usr/lib/python3.13/site-packages/variety/plugins/builtin/quotes/GoodreadsSource.py'
INFO: 2025-08-12 20:27:12,044: load() 'Jumble found plugin class: <class 'GoodreadsSource.GoodreadsSource'>: {'name': 'Goodreads', 'description': 'Fetches quotes from Goodreads.com', 'author': 'Peter Levi', 'version': '0.1'}'
INFO: 2025-08-12 20:27:12,044: _walk_modules() 'Jumble loading module in LocalFilesSource from /usr/lib/python3.13/site-packages/variety/plugins/builtin/quotes/LocalFilesSource.py'
INFO: 2025-08-12 20:27:12,044: load() 'Jumble found plugin class: <class 'LocalFilesSource.LocalFilesSource'>: {'name': 'Local text files', 'description': 'Displays quotes, defined in local text files.\nPut your own txt files in: ~/.config/variety/pluginconfig/quotes/.\nThe file format is:\n\nquote -- author\n.\nsecond quote -- another author\n.\netc...\n\nExample: http://rvelthuis.de/zips/quotes.txt', 'author': 'Peter Levi', 'version': '0.1'}'
INFO: 2025-08-12 20:27:12,044: _walk_modules() 'Jumble loading module in QuotationsPageSource from /usr/lib/python3.13/site-packages/variety/plugins/builtin/quotes/QuotationsPageSource.py'
INFO: 2025-08-12 20:27:12,045: load() 'Jumble found plugin class: <class 'QuotationsPageSource.QuotationsPageSource'>: {'name': 'TheQuotationsPage.com', 'description': 'Fetches quotes from TheQuotationsPage.com', 'author': 'Peter Levi', 'version': '0.1'}'
INFO: 2025-08-12 20:27:12,045: _walk_modules() 'Jumble loading module in UrbanDictionarySource from /usr/lib/python3.13/site-packages/variety/plugins/builtin/quotes/UrbanDictionarySource.py'
INFO: 2025-08-12 20:27:12,045: load() 'Jumble found plugin class: <class 'UrbanDictionarySource.UrbanDictionarySource'>: {'name': 'Urban Dictionary', 'description': 'Displays definitions from Urban Dictionary', 'author': 'James Miller', 'version': '0.1'}'
INFO: 2025-08-12 20:27:12,045: _walk_modules() 'Jumble loading module in __init__ from /usr/lib/python3.13/site-packages/variety/plugins/builtin/quotes/__init__.py'
INFO: 2025-08-12 20:27:12,045: makedirs() 'Creating folder /home/lm/.config/variety/pluginconfig/downloaders'
WARNING: 2025-08-12 20:27:12,047: load_history() 'Could not load history file, continuing without it, no worries'
INFO: 2025-08-12 20:27:12,053: makedirs() 'Creating folder /home/lm/.config/variety/Downloaded'
INFO: 2025-08-12 20:27:12,054: makedirs() 'Creating folder /home/lm/.config/variety/Favorites'
INFO: 2025-08-12 20:27:12,054: makedirs() 'Creating folder /home/lm/.config/variety/Fetched'
INFO: 2025-08-12 20:27:12,054: reload_config() 'Creating new downloader for type flickr, location user:www.flickr.com/photos/peter-levi/;user_id:93647178@N00;'
INFO: 2025-08-12 20:27:12,054: makedirs() 'Creating folder /home/lm/.config/variety/Downloaded/flickr_user_www_flickr_com_photos_peter_levi__user_id_93647178_N00_'
INFO: 2025-08-12 20:27:12,054: log_options() 'Loaded options:'
INFO: 2025-08-12 20:27:12,056: log_options() 'change_enabled = True'
INFO: 2025-08-12 20:27:12,056: log_options() 'change_interval = 300'
INFO: 2025-08-12 20:27:12,056: log_options() 'change_on_start = False'
INFO: 2025-08-12 20:27:12,056: log_options() 'clipboard_enabled = False'
INFO: 2025-08-12 20:27:12,056: log_options() 'clipboard_hosts = ['wallhaven.cc', 'wallpapers.net', 'flickr.com', 'imgur.com', 'deviantart.com', 'interfacelift.com', 'vladstudio.com', 'imageshack.us', 'deviantart.net', 'imageshack.com']'
INFO: 2025-08-12 20:27:12,056: log_options() 'clipboard_use_whitelist = True'
INFO: 2025-08-12 20:27:12,056: log_options() 'clock_date_font = Serif 30'
INFO: 2025-08-12 20:27:12,056: log_options() 'clock_enabled = False'
INFO: 2025-08-12 20:27:12,056: log_options() 'clock_filter = -density 100 -font `fc-match -f '%{file[0]}' '%CLOCK_FONT_NAME'` -pointsize %CLOCK_FONT_SIZE -gravity SouthEast -fill '#00000044' -annotate 0x0+[%HOFFSET+58]+[%VOFFSET+108] '%H:%M' -fill white -annotate 0x0+[%HOFFSET+60]+[%VOFFSET+110] '%H:%M' -font `fc-match -f '%{file[0]}' '%DATE_FONT_NAME'` -pointsize %DATE_FONT_SIZE -fill '#00000044' -annotate 0x0+[%HOFFSET+58]+[%VOFFSET+58] '%A, %B %d' -fill white -annotate 0x0+[%HOFFSET+60]+[%VOFFSET+60] '%A, %B %d''
INFO: 2025-08-12 20:27:12,056: log_options() 'clock_font = Serif 70'
INFO: 2025-08-12 20:27:12,056: log_options() 'configfile = /home/lm/.config/variety/variety.conf'
INFO: 2025-08-12 20:27:12,056: log_options() 'copyto_enabled = False'
INFO: 2025-08-12 20:27:12,056: log_options() 'copyto_folder = Default'
INFO: 2025-08-12 20:27:12,056: log_options() 'desired_color = None'
INFO: 2025-08-12 20:27:12,056: log_options() 'desired_color_enabled = False'
INFO: 2025-08-12 20:27:12,056: log_options() 'download_folder = /home/lm/.config/variety/Downloaded'
INFO: 2025-08-12 20:27:12,056: log_options() 'download_preference_ratio = 0.9'
INFO: 2025-08-12 20:27:12,056: log_options() 'favorites_folder = /home/lm/.config/variety/Favorites'
INFO: 2025-08-12 20:27:12,056: log_options() 'favorites_operations = [['Downloaded', 'Copy'], ['Fetched', 'Move'], ['Others', 'Copy']]'
INFO: 2025-08-12 20:27:12,057: log_options() 'fetched_folder = /home/lm/.config/variety/Fetched'
INFO: 2025-08-12 20:27:12,057: log_options() 'filters = [[False, 'Keep original', ''], [False, 'Grayscale', '-type Grayscale'], [False, 'Heavy blur', '-scale 20% -blur 0x10 -resize 500%'], [False, 'Soft blur', '-scale 20% -blur 0x2 -resize 500%'], [False, 'Oil painting', '-paint 8'], [False, 'Pointilism', '-spread 10 -noise 3'], [False, 'Pixellate', '-scale 3% -scale 3333%']]'
INFO: 2025-08-12 20:27:12,057: log_options() 'get_wallpaper_script = /home/lm/.config/variety/scripts/get_wallpaper'
INFO: 2025-08-12 20:27:12,057: log_options() 'icon = Light'
INFO: 2025-08-12 20:27:12,057: log_options() 'internet_enabled = True'
INFO: 2025-08-12 20:27:12,057: log_options() 'lightness_enabled = False'
INFO: 2025-08-12 20:27:12,057: log_options() 'lightness_mode = 0'
INFO: 2025-08-12 20:27:12,057: log_options() 'min_rating = 4'
INFO: 2025-08-12 20:27:12,057: log_options() 'min_rating_enabled = False'
INFO: 2025-08-12 20:27:12,057: log_options() 'min_size = 80'
INFO: 2025-08-12 20:27:12,057: log_options() 'min_size_enabled = False'
INFO: 2025-08-12 20:27:12,057: log_options() 'name_regex = .*'
INFO: 2025-08-12 20:27:12,057: log_options() 'name_regex_enabled = False'
INFO: 2025-08-12 20:27:12,057: log_options() 'quota_enabled = True'
INFO: 2025-08-12 20:27:12,057: log_options() 'quota_size = 1000'
INFO: 2025-08-12 20:27:12,057: log_options() 'quotes_authors = '
INFO: 2025-08-12 20:27:12,057: log_options() 'quotes_bg_color = [80, 80, 80]'
INFO: 2025-08-12 20:27:12,057: log_options() 'quotes_bg_opacity = 55'
INFO: 2025-08-12 20:27:12,057: log_options() 'quotes_change_enabled = False'
INFO: 2025-08-12 20:27:12,057: log_options() 'quotes_change_interval = 300'
INFO: 2025-08-12 20:27:12,057: log_options() 'quotes_disabled_sources = ['Urban Dictionary']'
INFO: 2025-08-12 20:27:12,057: log_options() 'quotes_enabled = False'
INFO: 2025-08-12 20:27:12,057: log_options() 'quotes_favorites_file = /home/lm/.config/variety/favorite_quotes.txt'
INFO: 2025-08-12 20:27:12,057: log_options() 'quotes_font = Serif 30'
INFO: 2025-08-12 20:27:12,057: log_options() 'quotes_hpos = 100'
INFO: 2025-08-12 20:27:12,057: log_options() 'quotes_max_length = 250'
INFO: 2025-08-12 20:27:12,057: log_options() 'quotes_tags = '
INFO: 2025-08-12 20:27:12,057: log_options() 'quotes_text_color = [255, 255, 255]'
INFO: 2025-08-12 20:27:12,057: log_options() 'quotes_text_shadow = False'
INFO: 2025-08-12 20:27:12,057: log_options() 'quotes_vpos = 40'
INFO: 2025-08-12 20:27:12,057: log_options() 'quotes_width = 70'
INFO: 2025-08-12 20:27:12,057: log_options() 'safe_mode = False'
INFO: 2025-08-12 20:27:12,057: log_options() 'set_wallpaper_script = /home/lm/.config/variety/scripts/set_wallpaper'
INFO: 2025-08-12 20:27:12,057: log_options() 'slideshow_custom_enabled = False'
INFO: 2025-08-12 20:27:12,057: log_options() 'slideshow_custom_folder = /home/lm/Imagens'
INFO: 2025-08-12 20:27:12,057: log_options() 'slideshow_downloads_enabled = False'
INFO: 2025-08-12 20:27:12,057: log_options() 'slideshow_fade = 0.4'
INFO: 2025-08-12 20:27:12,057: log_options() 'slideshow_favorites_enabled = True'
INFO: 2025-08-12 20:27:12,057: log_options() 'slideshow_mode = Fullscreen'
INFO: 2025-08-12 20:27:12,057: log_options() 'slideshow_monitor = All'
INFO: 2025-08-12 20:27:12,057: log_options() 'slideshow_pan = 0.05'
INFO: 2025-08-12 20:27:12,057: log_options() 'slideshow_seconds = 6.0'
INFO: 2025-08-12 20:27:12,057: log_options() 'slideshow_sort_order = Random'
INFO: 2025-08-12 20:27:12,057: log_options() 'slideshow_sources_enabled = True'
INFO: 2025-08-12 20:27:12,057: log_options() 'slideshow_zoom = 0.2'
INFO: 2025-08-12 20:27:12,057: log_options() 'smart_enabled = False'
INFO: 2025-08-12 20:27:12,057: log_options() 'smart_notice_shown = False'
INFO: 2025-08-12 20:27:12,057: log_options() 'smart_register_shown = False'
INFO: 2025-08-12 20:27:12,057: log_options() 'sources = [[True, 'favorites', 'The Favorites folder'], [True, 'fetched', 'The Fetched folder'], [True, 'folder', '/usr/share/backgrounds'], [True, 'flickr', 'user:www.flickr.com/photos/peter-levi/;user_id:93647178@N00;'], [False, 'apod', 'NASA Astro Pic of the Day'], [False, 'bing', 'Foto do dia por Bing'], [False, 'earthview', 'Google Earth View Wallpapers'], [False, 'natgeo', "National Geographic's photo of the day"], [False, 'unsplash', 'Fotos de alta resolução por Unsplash.com']]'
INFO: 2025-08-12 20:27:12,057: log_options() 'stats_enabled = True'
INFO: 2025-08-12 20:27:12,057: log_options() 'stats_notice_shown = False'
INFO: 2025-08-12 20:27:12,057: log_options() 'sync_enabled = True'
INFO: 2025-08-12 20:27:12,057: log_options() 'use_landscape_enabled = True'
INFO: 2025-08-12 20:27:12,057: log_options() 'wallhaven_api_key = '
INFO: 2025-08-12 20:27:12,057: log_options() 'wallpaper_auto_rotate = False'
INFO: 2025-08-12 20:27:12,057: log_options() 'wallpaper_display_mode = os'
INFO: 2025-08-12 20:27:12,058: reload_config() 'No need to clear prepared queue'
INFO: 2025-08-12 20:27:12,058: update_indicator() 'Setting file info to: /usr/share/backgrounds/gnome/adwaita-l.jpg'
INFO: 2025-08-12 20:27:12,058: load_banned() 'Missing or invalid banned URLs list, no URLs will be banned'
INFO: 2025-08-12 20:27:12,058: load_last_change_time() 'Change interval < 6 hours, ignore persisted last_change_time, wait initially the whole interval: 300'
INFO: 2025-08-12 20:27:12,058: update_indicator() 'Setting file info to: /usr/share/backgrounds/gnome/adwaita-l.jpg'
INFO: 2025-08-12 20:27:12,058: regular_change_thread() 'regular_change thread running'
INFO: 2025-08-12 20:27:12,058: prepare_thread() 'Prepare thread running'
INFO: 2025-08-12 20:27:12,059: prepare_thread() 'Prepared buffer contains 0 images'
INFO: 2025-08-12 20:27:12,059: prepare_thread() 'Preparing some images'
INFO: 2025-08-12 20:27:12,059: get_throttling() 'Flickr: parsing serverside options'
INFO: 2025-08-12 20:27:12,059: get_throttling() 'Could not parse Flickr serverside options, using defaults 120, 20'
INFO: 2025-08-12 20:27:12,059: get_throttling() 'Flickr: parsing serverside options'
INFO: 2025-08-12 20:27:12,059: get_throttling() 'Could not parse Flickr serverside options, using defaults 120, 20'
INFO: 2025-08-12 20:27:12,059: download_one() 'Flickr: Downloading an image, config: user:www.flickr.com/photos/peter-levi/;user_id:93647178@N00;'
INFO: 2025-08-12 20:27:12,059: download_one() 'Flickr: Queue size: 0'
INFO: 2025-08-12 20:27:12,059: get_throttling() 'Flickr: parsing serverside options'
INFO: 2025-08-12 20:27:12,059: get_throttling() 'Could not parse Flickr serverside options, using defaults 120, 20'
INFO: 2025-08-12 20:27:12,059: download_one() 'Flickr: Filling queue'
INFO: 2025-08-12 20:27:12,059: fetch() 'Making flickr API call: https://api.flickr.com/services/rest/?method=flickr.photos.search&api_key=0553a848c09bcfd21d3a984d9408c04e&per_page=500&tag_mode=all&format=json&nojsoncallback=1&user_id=93647178@N00'
INFO: 2025-08-12 20:27:12,060: update_indicator_icon() 'Creating indicator'
WARNING: 2025-08-12 20:27:12,065: create_menu() 'Variety Slideshow is not installed. This is an optional extension adding pan-and-zoom slideshows to Variety: see https://github.com/peterlevi/variety-slideshow for details'
INFO: 2025-08-12 20:27:12,065: create_indicator() 'indicator backend: AppIndicator3'
INFO: 2025-08-12 20:27:12,068: prepare_thread() 'After search prepared buffer contains 5 images'
INFO: 2025-08-12 20:27:12,068: set_from_theme_icon() 'Showing indicator icon variety-indicator from GTK theme'
INFO: 2025-08-12 20:27:12,158: do_set_wp() 'Calling do_set_wp with /usr/share/backgrounds/gnome/adwaita-l.jpg, time: 1755041232.1586738'
INFO: 2025-08-12 20:27:12,158: do_set_wp() 'Missing file or bad permissions, will not use it: /usr/share/backgrounds/gnome/adwaita-l.jpg'
INFO: 2025-08-12 20:27:12,297: reload() 'Reloading preferences dialog'
ERROR: 2025-08-12 20:27:12,332: download_one_from() 'Could not download wallpaper:'
Traceback (most recent call last):
  File "/usr/lib/python3.13/site-packages/variety/VarietyWindow.py", line 1166, in download_one_from
    file = downloader.download_one()
  File "/usr/lib/python3.13/site-packages/variety/plugins/downloaders/DefaultDownloader.py", line 141, in download_one
    items = self.fill_queue()
  File "/usr/lib/python3.13/site-packages/variety/FlickrDownloader.py", line 161, in fill_queue
    resp = FlickrDownloader.fetch(call)
  File "/usr/lib/python3.13/site-packages/variety/FlickrDownloader.py", line 74, in fetch
    return Util.fetch_json(call)
           ~~~~~~~~~~~~~~~^^^^^^
  File "/usr/lib/python3.13/site-packages/variety/Util.py", line 684, in fetch_json
    return Util.request(url, data, **request_kwargs).json()
           ~~~~~~~~~~~~^^^^^^^^^^^^^^^^^^^^^^^^^^^^^
  File "/usr/lib/python3.13/site-packages/variety/Util.py", line 663, in request
    r.raise_for_status()
    ~~~~~~~~~~~~~~~~~~^^
  File "/usr/lib/python3.13/site-packages/requests/models.py", line 1026, in raise_for_status
    raise HTTPError(http_error_msg, response=self)
requests.exceptions.HTTPError: 429 Client Error: Too Many Requests for url: https://api.flickr.com/services/rest/?method=flickr.photos.search&api_key=0553a848c09bcfd21d3a984d9408c04e&per_page=500&tag_mode=all&format=json&nojsoncallback=1&user_id=93647178@N00
INFO: 2025-08-12 20:27:13,271: trigger_download() 'Triggering download thread to check if download needed and possible'
INFO: 2025-08-12 20:27:14,068: trigger_download() 'Triggering download thread to check if download needed and possible'
INFO: 2025-08-12 20:27:32,059: server_options_thread() 'Fetching server options from https://gist.githubusercontent.com/peterlevi/a7d1dbf3a4e76e15760a/raw/fab10d0ce5cfe66377e7c650be56edb497aabbd4/variety_server_options.json'
INFO: 2025-08-12 20:27:32,406: server_options_thread() 'Fetched server options: {'flickr': {'min_fill_queue_interval': 1200, 'min_download_interval': 1200}, 'wallbase': {'min_fill_queue_interval': 1800, 'min_download_interval': 1800}, 'wallhaven': {'min_fill_queue_interval': 1800, 'min_download_interval': 1800}, 'wallpapers.net': {'min_fill_queue_interval': 601, 'min_download_interval': 0}, 'unsplash': {'min_fill_queue_interval': 20000000000, 'min_download_interval': 20000000000}, 'unsplash_v2': {'min_fill_queue_interval': 3600, 'min_download_interval': 1800}, 'status_message': {'0.0.1': '', '*': ''}}'
INFO: 2025-08-12 20:27:35,040: set_wallpaper() 'Calling set_wallpaper with /usr/share/backgrounds/sway/Sway_Wallpaper_Blue_2048x1536.png'
INFO: 2025-08-12 20:27:35,040: prepare_thread() 'Prepared buffer contains 4 images'
INFO: 2025-08-12 20:27:35,041: prepare_thread() 'Preparing some images'
INFO: 2025-08-12 20:27:35,041: do_set_wp() 'Calling do_set_wp with /usr/share/backgrounds/sway/Sway_Wallpaper_Blue_2048x1536.png, time: 1755041255.041267'
INFO: 2025-08-12 20:27:35,044: prepare_thread() 'After search prepared buffer contains 5 images'
INFO: 2025-08-12 20:27:35,048: update_indicator() 'Setting file info to: /usr/share/backgrounds/sway/Sway_Wallpaper_Blue_2048x1536.png'
INFO: 2025-08-12 20:27:37,044: trigger_download() 'Triggering download thread to check if download needed and possible'
INFO: 2025-08-12 20:27:37,775: reload() 'Reloading preferences dialog'
INFO: 2025-08-12 20:27:39,111: apply() 'Applying preferences'
INFO: 2025-08-12 20:27:39,114: log_options() 'Loaded options:'
INFO: 2025-08-12 20:27:39,114: set_visible() 'Showing indicator icon'
INFO: 2025-08-12 20:27:39,114: log_options() 'change_enabled = True'
INFO: 2025-08-12 20:27:39,114: set_from_theme_icon() 'Showing indicator icon variety-indicator from GTK theme'
INFO: 2025-08-12 20:27:39,114: log_options() 'change_interval = 300'
INFO: 2025-08-12 20:27:39,114: log_options() 'change_on_start = False'
INFO: 2025-08-12 20:27:39,114: log_options() 'clipboard_enabled = False'
INFO: 2025-08-12 20:27:39,114: log_options() 'clipboard_hosts = ['wallhaven.cc', 'wallpapers.net', 'flickr.com', 'imgur.com', 'deviantart.com', 'interfacelift.com', 'vladstudio.com', 'imageshack.us', 'deviantart.net', 'imageshack.com']'
INFO: 2025-08-12 20:27:39,114: log_options() 'clipboard_use_whitelist = True'
INFO: 2025-08-12 20:27:39,114: log_options() 'clock_date_font = Serif 30'
INFO: 2025-08-12 20:27:39,114: log_options() 'clock_enabled = False'
INFO: 2025-08-12 20:27:39,114: log_options() 'clock_filter = -density 100 -font `fc-match -f '%{file[0]}' '%CLOCK_FONT_NAME'` -pointsize %CLOCK_FONT_SIZE -gravity SouthEast -fill '#00000044' -annotate 0x0+[%HOFFSET+58]+[%VOFFSET+108] '%H:%M' -fill white -annotate 0x0+[%HOFFSET+60]+[%VOFFSET+110] '%H:%M' -font `fc-match -f '%{file[0]}' '%DATE_FONT_NAME'` -pointsize %DATE_FONT_SIZE -fill '#00000044' -annotate 0x0+[%HOFFSET+58]+[%VOFFSET+58] '%A, %B %d' -fill white -annotate 0x0+[%HOFFSET+60]+[%VOFFSET+60] '%A, %B %d''
INFO: 2025-08-12 20:27:39,114: log_options() 'clock_font = Serif 70'
INFO: 2025-08-12 20:27:39,115: log_options() 'configfile = /home/lm/.config/variety/variety.conf'
INFO: 2025-08-12 20:27:39,115: log_options() 'copyto_enabled = False'
INFO: 2025-08-12 20:27:39,115: log_options() 'copyto_folder = Default'
INFO: 2025-08-12 20:27:39,115: log_options() 'desired_color = [160, 160, 160]'
INFO: 2025-08-12 20:27:39,115: log_options() 'desired_color_enabled = False'
INFO: 2025-08-12 20:27:39,115: log_options() 'download_folder = /home/lm/.config/variety/Downloaded'
INFO: 2025-08-12 20:27:39,115: log_options() 'download_preference_ratio = 0.9'
INFO: 2025-08-12 20:27:39,115: log_options() 'favorites_folder = /home/lm/.config/variety/Favorites'
INFO: 2025-08-12 20:27:39,115: log_options() 'favorites_operations = [['Downloaded', 'Copy'], ['Fetched', 'Move'], ['Others', 'Copy']]'
INFO: 2025-08-12 20:27:39,115: log_options() 'fetched_folder = /home/lm/.config/variety/Fetched'
INFO: 2025-08-12 20:27:39,115: log_options() 'filters = [[False, 'Keep original', ''], [False, 'Grayscale', '-type Grayscale'], [False, 'Heavy blur', '-scale 20% -blur 0x10 -resize 500%'], [False, 'Soft blur', '-scale 20% -blur 0x2 -resize 500%'], [False, 'Oil painting', '-paint 8'], [False, 'Pointilism', '-spread 10 -noise 3'], [False, 'Pixellate', '-scale 3% -scale 3333%']]'
INFO: 2025-08-12 20:27:39,115: log_options() 'get_wallpaper_script = /home/lm/.config/variety/scripts/get_wallpaper'
INFO: 2025-08-12 20:27:39,115: log_options() 'icon = Light'
INFO: 2025-08-12 20:27:39,115: log_options() 'internet_enabled = True'
INFO: 2025-08-12 20:27:39,115: log_options() 'lightness_enabled = False'
INFO: 2025-08-12 20:27:39,115: log_options() 'lightness_mode = 0'
INFO: 2025-08-12 20:27:39,115: log_options() 'min_rating = 4'
INFO: 2025-08-12 20:27:39,115: log_options() 'min_rating_enabled = False'
INFO: 2025-08-12 20:27:39,115: log_options() 'min_size = 80'
INFO: 2025-08-12 20:27:39,115: log_options() 'min_size_enabled = False'
INFO: 2025-08-12 20:27:39,115: log_options() 'name_regex = .*'
INFO: 2025-08-12 20:27:39,115: log_options() 'name_regex_enabled = False'
INFO: 2025-08-12 20:27:39,115: log_options() 'quota_enabled = True'
INFO: 2025-08-12 20:27:39,115: log_options() 'quota_size = 1000'
INFO: 2025-08-12 20:27:39,115: log_options() 'quotes_authors = '
INFO: 2025-08-12 20:27:39,115: log_options() 'quotes_bg_color = [80, 80, 80]'
INFO: 2025-08-12 20:27:39,115: log_options() 'quotes_bg_opacity = 55'
INFO: 2025-08-12 20:27:39,115: log_options() 'quotes_change_enabled = False'
INFO: 2025-08-12 20:27:39,115: log_options() 'quotes_change_interval = 300'
INFO: 2025-08-12 20:27:39,115: log_options() 'quotes_disabled_sources = ['Urban Dictionary']'
INFO: 2025-08-12 20:27:39,115: log_options() 'quotes_enabled = False'
INFO: 2025-08-12 20:27:39,115: log_options() 'quotes_favorites_file = /home/lm/.config/variety/favorite_quotes.txt'
INFO: 2025-08-12 20:27:39,115: log_options() 'quotes_font = Serif 30'
INFO: 2025-08-12 20:27:39,115: log_options() 'quotes_hpos = 100'
INFO: 2025-08-12 20:27:39,115: log_options() 'quotes_max_length = 250'
INFO: 2025-08-12 20:27:39,115: log_options() 'quotes_tags = '
INFO: 2025-08-12 20:27:39,115: log_options() 'quotes_text_color = [255, 255, 255]'
INFO: 2025-08-12 20:27:39,115: log_options() 'quotes_text_shadow = False'
INFO: 2025-08-12 20:27:39,115: log_options() 'quotes_vpos = 40'
INFO: 2025-08-12 20:27:39,115: log_options() 'quotes_width = 70'
INFO: 2025-08-12 20:27:39,115: log_options() 'safe_mode = False'
INFO: 2025-08-12 20:27:39,115: log_options() 'set_wallpaper_script = /home/lm/.config/variety/scripts/set_wallpaper'
INFO: 2025-08-12 20:27:39,115: log_options() 'slideshow_custom_enabled = False'
INFO: 2025-08-12 20:27:39,115: log_options() 'slideshow_custom_folder = /home/lm/Imagens'
INFO: 2025-08-12 20:27:39,115: log_options() 'slideshow_downloads_enabled = False'
INFO: 2025-08-12 20:27:39,115: log_options() 'slideshow_fade = 0.4'
INFO: 2025-08-12 20:27:39,115: log_options() 'slideshow_favorites_enabled = True'
INFO: 2025-08-12 20:27:39,115: log_options() 'slideshow_mode = Fullscreen'
INFO: 2025-08-12 20:27:39,115: log_options() 'slideshow_monitor = All'
INFO: 2025-08-12 20:27:39,115: log_options() 'slideshow_pan = 0.05'
INFO: 2025-08-12 20:27:39,115: log_options() 'slideshow_seconds = 6.0'
INFO: 2025-08-12 20:27:39,115: log_options() 'slideshow_sort_order = Random'
INFO: 2025-08-12 20:27:39,115: log_options() 'slideshow_sources_enabled = True'
INFO: 2025-08-12 20:27:39,115: log_options() 'slideshow_zoom = 0.2'
INFO: 2025-08-12 20:27:39,115: log_options() 'smart_enabled = False'
INFO: 2025-08-12 20:27:39,115: log_options() 'smart_notice_shown = False'
INFO: 2025-08-12 20:27:39,115: log_options() 'smart_register_shown = False'
INFO: 2025-08-12 20:27:39,115: log_options() 'sources = [[True, 'favorites', 'The Favorites folder'], [True, 'fetched', 'The Fetched folder'], [True, 'folder', '/usr/share/backgrounds'], [False, 'flickr', 'user:www.flickr.com/photos/peter-levi/;user_id:93647178@N00;'], [False, 'apod', "NASA's Astronomy Picture of the Day"], [False, 'bing', 'Bing Photo of the Day'], [False, 'earthview', 'Google Earth View Wallpapers'], [False, 'natgeo', "National Geographic's photo of the day"], [False, 'unsplash', 'High-resolution photos from Unsplash.com']]'
INFO: 2025-08-12 20:27:39,116: log_options() 'stats_enabled = True'
INFO: 2025-08-12 20:27:39,116: log_options() 'stats_notice_shown = False'
INFO: 2025-08-12 20:27:39,116: log_options() 'sync_enabled = True'
INFO: 2025-08-12 20:27:39,116: log_options() 'use_landscape_enabled = True'
INFO: 2025-08-12 20:27:39,116: log_options() 'wallhaven_api_key = '
INFO: 2025-08-12 20:27:39,116: log_options() 'wallpaper_auto_rotate = False'
INFO: 2025-08-12 20:27:39,116: log_options() 'wallpaper_display_mode = os'
INFO: 2025-08-12 20:27:39,116: clear_prepared_queue() 'Clearing prepared queue'
INFO: 2025-08-12 20:27:39,116: update_indicator() 'Setting file info to: /usr/share/backgrounds/sway/Sway_Wallpaper_Blue_2048x1536.png'
INFO: 2025-08-12 20:27:39,116: prepare_thread() 'Prepared buffer contains 0 images'
INFO: 2025-08-12 20:27:39,116: prepare_thread() 'Preparing some images'
INFO: 2025-08-12 20:27:39,119: prepare_thread() 'After search prepared buffer contains 5 images'
INFO: 2025-08-12 20:27:39,119: prepare_thread() 'Prepared buffer contains 5 images'
INFO: 2025-08-12 20:27:39,217: do_set_wp() 'Calling do_set_wp with /usr/share/backgrounds/sway/Sway_Wallpaper_Blue_2048x1536.png, time: 1755041259.2172945'
INFO: 2025-08-12 20:27:39,223: update_indicator() 'Setting file info to: /usr/share/backgrounds/sway/Sway_Wallpaper_Blue_2048x1536.png'
INFO: 2025-08-12 20:27:39,548: apply() 'Applying preferences'
INFO: 2025-08-12 20:27:39,552: log_options() 'Loaded options:'
INFO: 2025-08-12 20:27:39,552: set_visible() 'Showing indicator icon'
INFO: 2025-08-12 20:27:39,552: log_options() 'change_enabled = True'
INFO: 2025-08-12 20:27:39,552: set_from_theme_icon() 'Showing indicator icon variety-indicator from GTK theme'
INFO: 2025-08-12 20:27:39,552: log_options() 'change_interval = 300'
INFO: 2025-08-12 20:27:39,552: log_options() 'change_on_start = False'
INFO: 2025-08-12 20:27:39,552: log_options() 'clipboard_enabled = False'
INFO: 2025-08-12 20:27:39,552: log_options() 'clipboard_hosts = ['wallhaven.cc', 'wallpapers.net', 'flickr.com', 'imgur.com', 'deviantart.com', 'interfacelift.com', 'vladstudio.com', 'imageshack.us', 'deviantart.net', 'imageshack.com']'
INFO: 2025-08-12 20:27:39,552: log_options() 'clipboard_use_whitelist = True'
INFO: 2025-08-12 20:27:39,552: log_options() 'clock_date_font = Serif 30'
INFO: 2025-08-12 20:27:39,552: log_options() 'clock_enabled = False'
INFO: 2025-08-12 20:27:39,552: log_options() 'clock_filter = -density 100 -font `fc-match -f '%{file[0]}' '%CLOCK_FONT_NAME'` -pointsize %CLOCK_FONT_SIZE -gravity SouthEast -fill '#00000044' -annotate 0x0+[%HOFFSET+58]+[%VOFFSET+108] '%H:%M' -fill white -annotate 0x0+[%HOFFSET+60]+[%VOFFSET+110] '%H:%M' -font `fc-match -f '%{file[0]}' '%DATE_FONT_NAME'` -pointsize %DATE_FONT_SIZE -fill '#00000044' -annotate 0x0+[%HOFFSET+58]+[%VOFFSET+58] '%A, %B %d' -fill white -annotate 0x0+[%HOFFSET+60]+[%VOFFSET+60] '%A, %B %d''
INFO: 2025-08-12 20:27:39,552: log_options() 'clock_font = Serif 70'
INFO: 2025-08-12 20:27:39,552: log_options() 'configfile = /home/lm/.config/variety/variety.conf'
INFO: 2025-08-12 20:27:39,552: log_options() 'copyto_enabled = False'
INFO: 2025-08-12 20:27:39,552: log_options() 'copyto_folder = Default'
INFO: 2025-08-12 20:27:39,552: log_options() 'desired_color = [160, 160, 160]'
INFO: 2025-08-12 20:27:39,552: log_options() 'desired_color_enabled = False'
INFO: 2025-08-12 20:27:39,552: log_options() 'download_folder = /home/lm/.config/variety/Downloaded'
INFO: 2025-08-12 20:27:39,552: log_options() 'download_preference_ratio = 0.9'
INFO: 2025-08-12 20:27:39,552: log_options() 'favorites_folder = /home/lm/.config/variety/Favorites'
INFO: 2025-08-12 20:27:39,552: log_options() 'favorites_operations = [['Downloaded', 'Copy'], ['Fetched', 'Move'], ['Others', 'Copy']]'
INFO: 2025-08-12 20:27:39,553: log_options() 'fetched_folder = /home/lm/.config/variety/Fetched'
INFO: 2025-08-12 20:27:39,553: log_options() 'filters = [[False, 'Keep original', ''], [False, 'Grayscale', '-type Grayscale'], [False, 'Heavy blur', '-scale 20% -blur 0x10 -resize 500%'], [False, 'Soft blur', '-scale 20% -blur 0x2 -resize 500%'], [False, 'Oil painting', '-paint 8'], [False, 'Pointilism', '-spread 10 -noise 3'], [False, 'Pixellate', '-scale 3% -scale 3333%']]'
INFO: 2025-08-12 20:27:39,553: log_options() 'get_wallpaper_script = /home/lm/.config/variety/scripts/get_wallpaper'
INFO: 2025-08-12 20:27:39,553: log_options() 'icon = Light'
INFO: 2025-08-12 20:27:39,553: log_options() 'internet_enabled = True'
INFO: 2025-08-12 20:27:39,553: log_options() 'lightness_enabled = False'
INFO: 2025-08-12 20:27:39,553: log_options() 'lightness_mode = 0'
INFO: 2025-08-12 20:27:39,553: log_options() 'min_rating = 4'
INFO: 2025-08-12 20:27:39,553: log_options() 'min_rating_enabled = False'
INFO: 2025-08-12 20:27:39,553: log_options() 'min_size = 80'
INFO: 2025-08-12 20:27:39,553: log_options() 'min_size_enabled = False'
INFO: 2025-08-12 20:27:39,553: log_options() 'name_regex = .*'
INFO: 2025-08-12 20:27:39,553: log_options() 'name_regex_enabled = False'
INFO: 2025-08-12 20:27:39,553: log_options() 'quota_enabled = True'
INFO: 2025-08-12 20:27:39,553: log_options() 'quota_size = 1000'
INFO: 2025-08-12 20:27:39,553: log_options() 'quotes_authors = '
INFO: 2025-08-12 20:27:39,553: log_options() 'quotes_bg_color = [80, 80, 80]'
INFO: 2025-08-12 20:27:39,553: log_options() 'quotes_bg_opacity = 55'
INFO: 2025-08-12 20:27:39,553: log_options() 'quotes_change_enabled = False'
INFO: 2025-08-12 20:27:39,553: log_options() 'quotes_change_interval = 300'
INFO: 2025-08-12 20:27:39,553: log_options() 'quotes_disabled_sources = ['Urban Dictionary']'
INFO: 2025-08-12 20:27:39,553: log_options() 'quotes_enabled = False'
INFO: 2025-08-12 20:27:39,553: log_options() 'quotes_favorites_file = /home/lm/.config/variety/favorite_quotes.txt'
INFO: 2025-08-12 20:27:39,553: log_options() 'quotes_font = Serif 30'
INFO: 2025-08-12 20:27:39,553: log_options() 'quotes_hpos = 100'
INFO: 2025-08-12 20:27:39,553: log_options() 'quotes_max_length = 250'
INFO: 2025-08-12 20:27:39,553: log_options() 'quotes_tags = '
INFO: 2025-08-12 20:27:39,553: log_options() 'quotes_text_color = [255, 255, 255]'
INFO: 2025-08-12 20:27:39,553: log_options() 'quotes_text_shadow = False'
INFO: 2025-08-12 20:27:39,553: log_options() 'quotes_vpos = 40'
INFO: 2025-08-12 20:27:39,553: log_options() 'quotes_width = 70'
INFO: 2025-08-12 20:27:39,553: log_options() 'safe_mode = False'
INFO: 2025-08-12 20:27:39,553: log_options() 'set_wallpaper_script = /home/lm/.config/variety/scripts/set_wallpaper'
INFO: 2025-08-12 20:27:39,553: log_options() 'slideshow_custom_enabled = False'
INFO: 2025-08-12 20:27:39,553: log_options() 'slideshow_custom_folder = /home/lm/Imagens'
INFO: 2025-08-12 20:27:39,553: log_options() 'slideshow_downloads_enabled = False'
INFO: 2025-08-12 20:27:39,553: log_options() 'slideshow_fade = 0.4'
INFO: 2025-08-12 20:27:39,553: log_options() 'slideshow_favorites_enabled = True'
INFO: 2025-08-12 20:27:39,553: log_options() 'slideshow_mode = Fullscreen'
INFO: 2025-08-12 20:27:39,553: log_options() 'slideshow_monitor = All'
INFO: 2025-08-12 20:27:39,553: log_options() 'slideshow_pan = 0.05'
INFO: 2025-08-12 20:27:39,553: log_options() 'slideshow_seconds = 6.0'
INFO: 2025-08-12 20:27:39,553: log_options() 'slideshow_sort_order = Random'
INFO: 2025-08-12 20:27:39,553: log_options() 'slideshow_sources_enabled = True'
INFO: 2025-08-12 20:27:39,553: log_options() 'slideshow_zoom = 0.2'
INFO: 2025-08-12 20:27:39,553: log_options() 'smart_enabled = False'
INFO: 2025-08-12 20:27:39,553: log_options() 'smart_notice_shown = False'
INFO: 2025-08-12 20:27:39,553: log_options() 'smart_register_shown = False'
INFO: 2025-08-12 20:27:39,553: log_options() 'sources = [[True, 'favorites', 'The Favorites folder'], [True, 'fetched', 'The Fetched folder'], [False, 'folder', '/usr/share/backgrounds'], [False, 'flickr', 'user:www.flickr.com/photos/peter-levi/;user_id:93647178@N00;'], [False, 'apod', "NASA's Astronomy Picture of the Day"], [False, 'bing', 'Bing Photo of the Day'], [False, 'earthview', 'Google Earth View Wallpapers'], [False, 'natgeo', "National Geographic's photo of the day"], [False, 'unsplash', 'High-resolution photos from Unsplash.com']]'
INFO: 2025-08-12 20:27:39,553: log_options() 'stats_enabled = True'
INFO: 2025-08-12 20:27:39,553: log_options() 'stats_notice_shown = False'
INFO: 2025-08-12 20:27:39,553: log_options() 'sync_enabled = True'
INFO: 2025-08-12 20:27:39,553: log_options() 'use_landscape_enabled = True'
INFO: 2025-08-12 20:27:39,553: log_options() 'wallhaven_api_key = '
INFO: 2025-08-12 20:27:39,553: log_options() 'wallpaper_auto_rotate = False'
INFO: 2025-08-12 20:27:39,553: log_options() 'wallpaper_display_mode = os'
INFO: 2025-08-12 20:27:39,553: clear_prepared_queue() 'Clearing prepared queue'
INFO: 2025-08-12 20:27:39,554: update_indicator() 'Setting file info to: /usr/share/backgrounds/sway/Sway_Wallpaper_Blue_2048x1536.png'
INFO: 2025-08-12 20:27:39,554: prepare_thread() 'Prepared buffer contains 0 images'
INFO: 2025-08-12 20:27:39,554: prepare_thread() 'Preparing some images'
INFO: 2025-08-12 20:27:39,554: prepare_thread() 'After search prepared buffer contains 0 images'
INFO: 2025-08-12 20:27:39,554: prepare_thread() 'Prepared buffer contains 0 images'
INFO: 2025-08-12 20:27:39,554: prepare_thread() 'Preparing some images'
INFO: 2025-08-12 20:27:39,555: prepare_thread() 'After search prepared buffer contains 0 images'
INFO: 2025-08-12 20:27:39,952: apply() 'Applying preferences'
INFO: 2025-08-12 20:27:39,956: set_visible() 'Showing indicator icon'
INFO: 2025-08-12 20:27:39,956: set_from_theme_icon() 'Showing indicator icon variety-indicator from GTK theme'
INFO: 2025-08-12 20:27:39,956: log_options() 'Loaded options:'
INFO: 2025-08-12 20:27:39,956: log_options() 'change_enabled = True'
INFO: 2025-08-12 20:27:39,956: log_options() 'change_interval = 300'
INFO: 2025-08-12 20:27:39,956: log_options() 'change_on_start = False'
INFO: 2025-08-12 20:27:39,956: log_options() 'clipboard_enabled = False'
INFO: 2025-08-12 20:27:39,956: log_options() 'clipboard_hosts = ['wallhaven.cc', 'wallpapers.net', 'flickr.com', 'imgur.com', 'deviantart.com', 'interfacelift.com', 'vladstudio.com', 'imageshack.us', 'deviantart.net', 'imageshack.com']'
INFO: 2025-08-12 20:27:39,956: log_options() 'clipboard_use_whitelist = True'
INFO: 2025-08-12 20:27:39,956: log_options() 'clock_date_font = Serif 30'
INFO: 2025-08-12 20:27:39,956: log_options() 'clock_enabled = False'
INFO: 2025-08-12 20:27:39,956: log_options() 'clock_filter = -density 100 -font `fc-match -f '%{file[0]}' '%CLOCK_FONT_NAME'` -pointsize %CLOCK_FONT_SIZE -gravity SouthEast -fill '#00000044' -annotate 0x0+[%HOFFSET+58]+[%VOFFSET+108] '%H:%M' -fill white -annotate 0x0+[%HOFFSET+60]+[%VOFFSET+110] '%H:%M' -font `fc-match -f '%{file[0]}' '%DATE_FONT_NAME'` -pointsize %DATE_FONT_SIZE -fill '#00000044' -annotate 0x0+[%HOFFSET+58]+[%VOFFSET+58] '%A, %B %d' -fill white -annotate 0x0+[%HOFFSET+60]+[%VOFFSET+60] '%A, %B %d''
INFO: 2025-08-12 20:27:39,956: log_options() 'clock_font = Serif 70'
INFO: 2025-08-12 20:27:39,956: log_options() 'configfile = /home/lm/.config/variety/variety.conf'
INFO: 2025-08-12 20:27:39,956: log_options() 'copyto_enabled = False'
INFO: 2025-08-12 20:27:39,956: log_options() 'copyto_folder = Default'
INFO: 2025-08-12 20:27:39,956: log_options() 'desired_color = [160, 160, 160]'
INFO: 2025-08-12 20:27:39,956: log_options() 'desired_color_enabled = False'
INFO: 2025-08-12 20:27:39,956: log_options() 'download_folder = /home/lm/.config/variety/Downloaded'
INFO: 2025-08-12 20:27:39,956: log_options() 'download_preference_ratio = 0.9'
INFO: 2025-08-12 20:27:39,956: log_options() 'favorites_folder = /home/lm/.config/variety/Favorites'
INFO: 2025-08-12 20:27:39,956: log_options() 'favorites_operations = [['Downloaded', 'Copy'], ['Fetched', 'Move'], ['Others', 'Copy']]'
INFO: 2025-08-12 20:27:39,956: log_options() 'fetched_folder = /home/lm/.config/variety/Fetched'
INFO: 2025-08-12 20:27:39,956: log_options() 'filters = [[False, 'Keep original', ''], [False, 'Grayscale', '-type Grayscale'], [False, 'Heavy blur', '-scale 20% -blur 0x10 -resize 500%'], [False, 'Soft blur', '-scale 20% -blur 0x2 -resize 500%'], [False, 'Oil painting', '-paint 8'], [False, 'Pointilism', '-spread 10 -noise 3'], [False, 'Pixellate', '-scale 3% -scale 3333%']]'
INFO: 2025-08-12 20:27:39,956: log_options() 'get_wallpaper_script = /home/lm/.config/variety/scripts/get_wallpaper'
INFO: 2025-08-12 20:27:39,956: log_options() 'icon = Light'
INFO: 2025-08-12 20:27:39,956: log_options() 'internet_enabled = True'
INFO: 2025-08-12 20:27:39,956: log_options() 'lightness_enabled = False'
INFO: 2025-08-12 20:27:39,957: log_options() 'lightness_mode = 0'
INFO: 2025-08-12 20:27:39,957: log_options() 'min_rating = 4'
INFO: 2025-08-12 20:27:39,957: log_options() 'min_rating_enabled = False'
INFO: 2025-08-12 20:27:39,957: log_options() 'min_size = 80'
INFO: 2025-08-12 20:27:39,957: log_options() 'min_size_enabled = False'
INFO: 2025-08-12 20:27:39,957: log_options() 'name_regex = .*'
INFO: 2025-08-12 20:27:39,957: log_options() 'name_regex_enabled = False'
INFO: 2025-08-12 20:27:39,957: log_options() 'quota_enabled = True'
INFO: 2025-08-12 20:27:39,957: log_options() 'quota_size = 1000'
INFO: 2025-08-12 20:27:39,957: log_options() 'quotes_authors = '
INFO: 2025-08-12 20:27:39,957: log_options() 'quotes_bg_color = [80, 80, 80]'
INFO: 2025-08-12 20:27:39,957: log_options() 'quotes_bg_opacity = 55'
INFO: 2025-08-12 20:27:39,957: log_options() 'quotes_change_enabled = False'
INFO: 2025-08-12 20:27:39,957: log_options() 'quotes_change_interval = 300'
INFO: 2025-08-12 20:27:39,957: log_options() 'quotes_disabled_sources = ['Urban Dictionary']'
INFO: 2025-08-12 20:27:39,957: log_options() 'quotes_enabled = False'
INFO: 2025-08-12 20:27:39,957: log_options() 'quotes_favorites_file = /home/lm/.config/variety/favorite_quotes.txt'
INFO: 2025-08-12 20:27:39,957: log_options() 'quotes_font = Serif 30'
INFO: 2025-08-12 20:27:39,957: log_options() 'quotes_hpos = 100'
INFO: 2025-08-12 20:27:39,957: log_options() 'quotes_max_length = 250'
INFO: 2025-08-12 20:27:39,957: log_options() 'quotes_tags = '
INFO: 2025-08-12 20:27:39,957: log_options() 'quotes_text_color = [255, 255, 255]'
INFO: 2025-08-12 20:27:39,957: log_options() 'quotes_text_shadow = False'
INFO: 2025-08-12 20:27:39,957: log_options() 'quotes_vpos = 40'
INFO: 2025-08-12 20:27:39,957: log_options() 'quotes_width = 70'
INFO: 2025-08-12 20:27:39,957: log_options() 'safe_mode = False'
INFO: 2025-08-12 20:27:39,957: log_options() 'set_wallpaper_script = /home/lm/.config/variety/scripts/set_wallpaper'
INFO: 2025-08-12 20:27:39,957: log_options() 'slideshow_custom_enabled = False'
INFO: 2025-08-12 20:27:39,957: log_options() 'slideshow_custom_folder = /home/lm/Imagens'
INFO: 2025-08-12 20:27:39,957: log_options() 'slideshow_downloads_enabled = False'
INFO: 2025-08-12 20:27:39,957: log_options() 'slideshow_fade = 0.4'
INFO: 2025-08-12 20:27:39,957: log_options() 'slideshow_favorites_enabled = True'
INFO: 2025-08-12 20:27:39,957: log_options() 'slideshow_mode = Fullscreen'
INFO: 2025-08-12 20:27:39,957: log_options() 'slideshow_monitor = All'
INFO: 2025-08-12 20:27:39,957: log_options() 'slideshow_pan = 0.05'
INFO: 2025-08-12 20:27:39,957: log_options() 'slideshow_seconds = 6.0'
INFO: 2025-08-12 20:27:39,957: log_options() 'slideshow_sort_order = Random'
INFO: 2025-08-12 20:27:39,957: log_options() 'slideshow_sources_enabled = True'
INFO: 2025-08-12 20:27:39,957: log_options() 'slideshow_zoom = 0.2'
INFO: 2025-08-12 20:27:39,957: log_options() 'smart_enabled = False'
INFO: 2025-08-12 20:27:39,957: log_options() 'smart_notice_shown = False'
INFO: 2025-08-12 20:27:39,957: log_options() 'smart_register_shown = False'
INFO: 2025-08-12 20:27:39,957: log_options() 'sources = [[True, 'favorites', 'The Favorites folder'], [False, 'fetched', 'The Fetched folder'], [False, 'folder', '/usr/share/backgrounds'], [False, 'flickr', 'user:www.flickr.com/photos/peter-levi/;user_id:93647178@N00;'], [False, 'apod', "NASA's Astronomy Picture of the Day"], [False, 'bing', 'Bing Photo of the Day'], [False, 'earthview', 'Google Earth View Wallpapers'], [False, 'natgeo', "National Geographic's photo of the day"], [False, 'unsplash', 'High-resolution photos from Unsplash.com']]'
INFO: 2025-08-12 20:27:39,957: log_options() 'stats_enabled = True'
INFO: 2025-08-12 20:27:39,957: log_options() 'stats_notice_shown = False'
INFO: 2025-08-12 20:27:39,957: log_options() 'sync_enabled = True'
INFO: 2025-08-12 20:27:39,957: log_options() 'use_landscape_enabled = True'
INFO: 2025-08-12 20:27:39,957: log_options() 'wallhaven_api_key = '
INFO: 2025-08-12 20:27:39,957: log_options() 'wallpaper_auto_rotate = False'
INFO: 2025-08-12 20:27:39,957: log_options() 'wallpaper_display_mode = os'
INFO: 2025-08-12 20:27:39,957: clear_prepared_queue() 'Clearing prepared queue'
INFO: 2025-08-12 20:27:39,957: update_indicator() 'Setting file info to: /usr/share/backgrounds/sway/Sway_Wallpaper_Blue_2048x1536.png'
INFO: 2025-08-12 20:27:39,957: prepare_thread() 'Prepared buffer contains 0 images'
INFO: 2025-08-12 20:27:39,958: prepare_thread() 'Preparing some images'
INFO: 2025-08-12 20:27:39,958: prepare_thread() 'After search prepared buffer contains 0 images'
INFO: 2025-08-12 20:27:39,958: prepare_thread() 'Prepared buffer contains 0 images'
INFO: 2025-08-12 20:27:39,958: prepare_thread() 'Preparing some images'
INFO: 2025-08-12 20:27:39,958: prepare_thread() 'After search prepared buffer contains 0 images'
INFO: 2025-08-12 20:27:40,153: update_indicator() 'Setting file info to: /usr/share/backgrounds/sway/Sway_Wallpaper_Blue_2048x1536.png'
INFO: 2025-08-12 20:27:40,217: do_set_wp() 'Calling do_set_wp with /usr/share/backgrounds/sway/Sway_Wallpaper_Blue_2048x1536.png, time: 1755041260.21742'
INFO: 2025-08-12 20:27:40,224: update_indicator() 'Setting file info to: /usr/share/backgrounds/sway/Sway_Wallpaper_Blue_2048x1536.png'
INFO: 2025-08-12 20:27:40,298: apply() 'Applying preferences'
INFO: 2025-08-12 20:27:40,301: set_visible() 'Showing indicator icon'
INFO: 2025-08-12 20:27:40,301: log_options() 'Loaded options:'
INFO: 2025-08-12 20:27:40,301: set_from_theme_icon() 'Showing indicator icon variety-indicator from GTK theme'
INFO: 2025-08-12 20:27:40,301: log_options() 'change_enabled = True'
INFO: 2025-08-12 20:27:40,301: log_options() 'change_interval = 300'
INFO: 2025-08-12 20:27:40,301: log_options() 'change_on_start = False'
INFO: 2025-08-12 20:27:40,301: log_options() 'clipboard_enabled = False'
INFO: 2025-08-12 20:27:40,301: log_options() 'clipboard_hosts = ['wallhaven.cc', 'wallpapers.net', 'flickr.com', 'imgur.com', 'deviantart.com', 'interfacelift.com', 'vladstudio.com', 'imageshack.us', 'deviantart.net', 'imageshack.com']'
INFO: 2025-08-12 20:27:40,301: log_options() 'clipboard_use_whitelist = True'
INFO: 2025-08-12 20:27:40,301: log_options() 'clock_date_font = Serif 30'
INFO: 2025-08-12 20:27:40,302: log_options() 'clock_enabled = False'
INFO: 2025-08-12 20:27:40,302: log_options() 'clock_filter = -density 100 -font `fc-match -f '%{file[0]}' '%CLOCK_FONT_NAME'` -pointsize %CLOCK_FONT_SIZE -gravity SouthEast -fill '#00000044' -annotate 0x0+[%HOFFSET+58]+[%VOFFSET+108] '%H:%M' -fill white -annotate 0x0+[%HOFFSET+60]+[%VOFFSET+110] '%H:%M' -font `fc-match -f '%{file[0]}' '%DATE_FONT_NAME'` -pointsize %DATE_FONT_SIZE -fill '#00000044' -annotate 0x0+[%HOFFSET+58]+[%VOFFSET+58] '%A, %B %d' -fill white -annotate 0x0+[%HOFFSET+60]+[%VOFFSET+60] '%A, %B %d''
INFO: 2025-08-12 20:27:40,302: log_options() 'clock_font = Serif 70'
INFO: 2025-08-12 20:27:40,302: log_options() 'configfile = /home/lm/.config/variety/variety.conf'
INFO: 2025-08-12 20:27:40,302: log_options() 'copyto_enabled = False'
INFO: 2025-08-12 20:27:40,302: log_options() 'copyto_folder = Default'
INFO: 2025-08-12 20:27:40,302: log_options() 'desired_color = [160, 160, 160]'
INFO: 2025-08-12 20:27:40,302: log_options() 'desired_color_enabled = False'
INFO: 2025-08-12 20:27:40,302: log_options() 'download_folder = /home/lm/.config/variety/Downloaded'
INFO: 2025-08-12 20:27:40,302: log_options() 'download_preference_ratio = 0.9'
INFO: 2025-08-12 20:27:40,302: log_options() 'favorites_folder = /home/lm/.config/variety/Favorites'
INFO: 2025-08-12 20:27:40,302: log_options() 'favorites_operations = [['Downloaded', 'Copy'], ['Fetched', 'Move'], ['Others', 'Copy']]'
INFO: 2025-08-12 20:27:40,302: log_options() 'fetched_folder = /home/lm/.config/variety/Fetched'
INFO: 2025-08-12 20:27:40,302: log_options() 'filters = [[False, 'Keep original', ''], [False, 'Grayscale', '-type Grayscale'], [False, 'Heavy blur', '-scale 20% -blur 0x10 -resize 500%'], [False, 'Soft blur', '-scale 20% -blur 0x2 -resize 500%'], [False, 'Oil painting', '-paint 8'], [False, 'Pointilism', '-spread 10 -noise 3'], [False, 'Pixellate', '-scale 3% -scale 3333%']]'
INFO: 2025-08-12 20:27:40,302: log_options() 'get_wallpaper_script = /home/lm/.config/variety/scripts/get_wallpaper'
INFO: 2025-08-12 20:27:40,302: log_options() 'icon = Light'
INFO: 2025-08-12 20:27:40,302: log_options() 'internet_enabled = True'
INFO: 2025-08-12 20:27:40,302: log_options() 'lightness_enabled = False'
INFO: 2025-08-12 20:27:40,302: log_options() 'lightness_mode = 0'
INFO: 2025-08-12 20:27:40,302: log_options() 'min_rating = 4'
INFO: 2025-08-12 20:27:40,302: log_options() 'min_rating_enabled = False'
INFO: 2025-08-12 20:27:40,302: log_options() 'min_size = 80'
INFO: 2025-08-12 20:27:40,302: log_options() 'min_size_enabled = False'
INFO: 2025-08-12 20:27:40,302: log_options() 'name_regex = .*'
INFO: 2025-08-12 20:27:40,302: log_options() 'name_regex_enabled = False'
INFO: 2025-08-12 20:27:40,302: log_options() 'quota_enabled = True'
INFO: 2025-08-12 20:27:40,302: log_options() 'quota_size = 1000'
INFO: 2025-08-12 20:27:40,302: log_options() 'quotes_authors = '
INFO: 2025-08-12 20:27:40,302: log_options() 'quotes_bg_color = [80, 80, 80]'
INFO: 2025-08-12 20:27:40,302: log_options() 'quotes_bg_opacity = 55'
INFO: 2025-08-12 20:27:40,302: log_options() 'quotes_change_enabled = False'
INFO: 2025-08-12 20:27:40,302: log_options() 'quotes_change_interval = 300'
INFO: 2025-08-12 20:27:40,302: log_options() 'quotes_disabled_sources = ['Urban Dictionary']'
INFO: 2025-08-12 20:27:40,302: log_options() 'quotes_enabled = False'
INFO: 2025-08-12 20:27:40,302: log_options() 'quotes_favorites_file = /home/lm/.config/variety/favorite_quotes.txt'
INFO: 2025-08-12 20:27:40,302: log_options() 'quotes_font = Serif 30'
INFO: 2025-08-12 20:27:40,302: log_options() 'quotes_hpos = 100'
INFO: 2025-08-12 20:27:40,302: log_options() 'quotes_max_length = 250'
INFO: 2025-08-12 20:27:40,302: log_options() 'quotes_tags = '
INFO: 2025-08-12 20:27:40,302: log_options() 'quotes_text_color = [255, 255, 255]'
INFO: 2025-08-12 20:27:40,302: log_options() 'quotes_text_shadow = False'
INFO: 2025-08-12 20:27:40,302: log_options() 'quotes_vpos = 40'
INFO: 2025-08-12 20:27:40,302: log_options() 'quotes_width = 70'
INFO: 2025-08-12 20:27:40,302: log_options() 'safe_mode = False'
INFO: 2025-08-12 20:27:40,302: log_options() 'set_wallpaper_script = /home/lm/.config/variety/scripts/set_wallpaper'
INFO: 2025-08-12 20:27:40,302: log_options() 'slideshow_custom_enabled = False'
INFO: 2025-08-12 20:27:40,302: log_options() 'slideshow_custom_folder = /home/lm/Imagens'
INFO: 2025-08-12 20:27:40,302: log_options() 'slideshow_downloads_enabled = False'
INFO: 2025-08-12 20:27:40,302: log_options() 'slideshow_fade = 0.4'
INFO: 2025-08-12 20:27:40,302: log_options() 'slideshow_favorites_enabled = True'
INFO: 2025-08-12 20:27:40,302: log_options() 'slideshow_mode = Fullscreen'
INFO: 2025-08-12 20:27:40,302: log_options() 'slideshow_monitor = All'
INFO: 2025-08-12 20:27:40,302: log_options() 'slideshow_pan = 0.05'
INFO: 2025-08-12 20:27:40,302: log_options() 'slideshow_seconds = 6.0'
INFO: 2025-08-12 20:27:40,302: log_options() 'slideshow_sort_order = Random'
INFO: 2025-08-12 20:27:40,302: log_options() 'slideshow_sources_enabled = True'
INFO: 2025-08-12 20:27:40,302: log_options() 'slideshow_zoom = 0.2'
INFO: 2025-08-12 20:27:40,302: log_options() 'smart_enabled = False'
INFO: 2025-08-12 20:27:40,303: log_options() 'smart_notice_shown = False'
INFO: 2025-08-12 20:27:40,303: log_options() 'smart_register_shown = False'
INFO: 2025-08-12 20:27:40,303: log_options() 'sources = [[False, 'favorites', 'The Favorites folder'], [False, 'fetched', 'The Fetched folder'], [False, 'folder', '/usr/share/backgrounds'], [False, 'flickr', 'user:www.flickr.com/photos/peter-levi/;user_id:93647178@N00;'], [False, 'apod', "NASA's Astronomy Picture of the Day"], [False, 'bing', 'Bing Photo of the Day'], [False, 'earthview', 'Google Earth View Wallpapers'], [False, 'natgeo', "National Geographic's photo of the day"], [False, 'unsplash', 'High-resolution photos from Unsplash.com']]'
INFO: 2025-08-12 20:27:40,303: log_options() 'stats_enabled = True'
INFO: 2025-08-12 20:27:40,303: log_options() 'stats_notice_shown = False'
INFO: 2025-08-12 20:27:40,303: log_options() 'sync_enabled = True'
INFO: 2025-08-12 20:27:40,303: log_options() 'use_landscape_enabled = True'
INFO: 2025-08-12 20:27:40,303: log_options() 'wallhaven_api_key = '
INFO: 2025-08-12 20:27:40,303: log_options() 'wallpaper_auto_rotate = False'
INFO: 2025-08-12 20:27:40,303: log_options() 'wallpaper_display_mode = os'
INFO: 2025-08-12 20:27:40,303: clear_prepared_queue() 'Clearing prepared queue'
INFO: 2025-08-12 20:27:40,303: update_indicator() 'Setting file info to: /usr/share/backgrounds/sway/Sway_Wallpaper_Blue_2048x1536.png'
INFO: 2025-08-12 20:27:40,303: prepare_thread() 'Prepared buffer contains 0 images'
INFO: 2025-08-12 20:27:40,303: prepare_thread() 'Preparing some images'
INFO: 2025-08-12 20:27:40,303: prepare_thread() 'After search prepared buffer contains 0 images'
INFO: 2025-08-12 20:27:40,303: prepare_thread() 'Prepared buffer contains 0 images'
INFO: 2025-08-12 20:27:40,304: prepare_thread() 'Preparing some images'
INFO: 2025-08-12 20:27:40,304: prepare_thread() 'After search prepared buffer contains 0 images'
INFO: 2025-08-12 20:27:41,119: trigger_download() 'Triggering download thread to check if download needed and possible'
INFO: 2025-08-12 20:27:41,119: trigger_download() 'Triggering download thread to check if download needed and possible'
INFO: 2025-08-12 20:27:41,217: do_set_wp() 'Calling do_set_wp with /usr/share/backgrounds/sway/Sway_Wallpaper_Blue_2048x1536.png, time: 1755041261.2176278'
INFO: 2025-08-12 20:27:41,223: update_indicator() 'Setting file info to: /usr/share/backgrounds/sway/Sway_Wallpaper_Blue_2048x1536.png'
INFO: 2025-08-12 20:27:41,554: trigger_download() 'Triggering download thread to check if download needed and possible'
INFO: 2025-08-12 20:27:41,555: trigger_download() 'Triggering download thread to check if download needed and possible'
INFO: 2025-08-12 20:27:41,958: trigger_download() 'Triggering download thread to check if download needed and possible'
INFO: 2025-08-12 20:27:41,959: trigger_download() 'Triggering download thread to check if download needed and possible'
INFO: 2025-08-12 20:27:42,309: trigger_download() 'Triggering download thread to check if download needed and possible'
INFO: 2025-08-12 20:27:42,309: trigger_download() 'Triggering download thread to check if download needed and possible'
INFO: 2025-08-12 20:27:50,420: apply() 'Applying preferences'
INFO: 2025-08-12 20:27:50,423: set_visible() 'Showing indicator icon'
INFO: 2025-08-12 20:27:50,423: log_options() 'Loaded options:'
INFO: 2025-08-12 20:27:50,423: set_from_theme_icon() 'Showing indicator icon variety-indicator from GTK theme'
INFO: 2025-08-12 20:27:50,423: log_options() 'change_enabled = True'
INFO: 2025-08-12 20:27:50,423: log_options() 'change_interval = 300'
INFO: 2025-08-12 20:27:50,423: log_options() 'change_on_start = False'
INFO: 2025-08-12 20:27:50,423: log_options() 'clipboard_enabled = False'
INFO: 2025-08-12 20:27:50,423: log_options() 'clipboard_hosts = ['wallhaven.cc', 'wallpapers.net', 'flickr.com', 'imgur.com', 'deviantart.com', 'interfacelift.com', 'vladstudio.com', 'imageshack.us', 'deviantart.net', 'imageshack.com']'
INFO: 2025-08-12 20:27:50,423: log_options() 'clipboard_use_whitelist = True'
INFO: 2025-08-12 20:27:50,424: log_options() 'clock_date_font = Serif 30'
INFO: 2025-08-12 20:27:50,424: log_options() 'clock_enabled = False'
INFO: 2025-08-12 20:27:50,424: log_options() 'clock_filter = -density 100 -font `fc-match -f '%{file[0]}' '%CLOCK_FONT_NAME'` -pointsize %CLOCK_FONT_SIZE -gravity SouthEast -fill '#00000044' -annotate 0x0+[%HOFFSET+58]+[%VOFFSET+108] '%H:%M' -fill white -annotate 0x0+[%HOFFSET+60]+[%VOFFSET+110] '%H:%M' -font `fc-match -f '%{file[0]}' '%DATE_FONT_NAME'` -pointsize %DATE_FONT_SIZE -fill '#00000044' -annotate 0x0+[%HOFFSET+58]+[%VOFFSET+58] '%A, %B %d' -fill white -annotate 0x0+[%HOFFSET+60]+[%VOFFSET+60] '%A, %B %d''
INFO: 2025-08-12 20:27:50,424: log_options() 'clock_font = Serif 70'
INFO: 2025-08-12 20:27:50,424: log_options() 'configfile = /home/lm/.config/variety/variety.conf'
INFO: 2025-08-12 20:27:50,424: log_options() 'copyto_enabled = False'
INFO: 2025-08-12 20:27:50,424: log_options() 'copyto_folder = Default'
INFO: 2025-08-12 20:27:50,424: log_options() 'desired_color = [160, 160, 160]'
INFO: 2025-08-12 20:27:50,424: log_options() 'desired_color_enabled = False'
INFO: 2025-08-12 20:27:50,424: log_options() 'download_folder = /home/lm/.config/variety/Downloaded'
INFO: 2025-08-12 20:27:50,424: log_options() 'download_preference_ratio = 0.9'
INFO: 2025-08-12 20:27:50,424: log_options() 'favorites_folder = /home/lm/.config/variety/Favorites'
INFO: 2025-08-12 20:27:50,424: log_options() 'favorites_operations = [['Downloaded', 'Copy'], ['Fetched', 'Move'], ['Others', 'Copy']]'
INFO: 2025-08-12 20:27:50,424: log_options() 'fetched_folder = /home/lm/.config/variety/Fetched'
INFO: 2025-08-12 20:27:50,424: log_options() 'filters = [[False, 'Keep original', ''], [False, 'Grayscale', '-type Grayscale'], [False, 'Heavy blur', '-scale 20% -blur 0x10 -resize 500%'], [False, 'Soft blur', '-scale 20% -blur 0x2 -resize 500%'], [False, 'Oil painting', '-paint 8'], [False, 'Pointilism', '-spread 10 -noise 3'], [False, 'Pixellate', '-scale 3% -scale 3333%']]'
INFO: 2025-08-12 20:27:50,424: log_options() 'get_wallpaper_script = /home/lm/.config/variety/scripts/get_wallpaper'
INFO: 2025-08-12 20:27:50,424: log_options() 'icon = Light'
INFO: 2025-08-12 20:27:50,424: log_options() 'internet_enabled = True'
INFO: 2025-08-12 20:27:50,424: log_options() 'lightness_enabled = False'
INFO: 2025-08-12 20:27:50,424: log_options() 'lightness_mode = 0'
INFO: 2025-08-12 20:27:50,424: log_options() 'min_rating = 4'
INFO: 2025-08-12 20:27:50,424: log_options() 'min_rating_enabled = False'
INFO: 2025-08-12 20:27:50,424: log_options() 'min_size = 80'
INFO: 2025-08-12 20:27:50,424: log_options() 'min_size_enabled = False'
INFO: 2025-08-12 20:27:50,424: log_options() 'name_regex = .*'
INFO: 2025-08-12 20:27:50,424: log_options() 'name_regex_enabled = False'
INFO: 2025-08-12 20:27:50,424: log_options() 'quota_enabled = True'
INFO: 2025-08-12 20:27:50,424: log_options() 'quota_size = 1000'
INFO: 2025-08-12 20:27:50,424: log_options() 'quotes_authors = '
INFO: 2025-08-12 20:27:50,424: log_options() 'quotes_bg_color = [80, 80, 80]'
INFO: 2025-08-12 20:27:50,424: log_options() 'quotes_bg_opacity = 55'
INFO: 2025-08-12 20:27:50,424: log_options() 'quotes_change_enabled = False'
INFO: 2025-08-12 20:27:50,424: log_options() 'quotes_change_interval = 300'
INFO: 2025-08-12 20:27:50,424: log_options() 'quotes_disabled_sources = ['Urban Dictionary']'
INFO: 2025-08-12 20:27:50,424: log_options() 'quotes_enabled = False'
INFO: 2025-08-12 20:27:50,424: log_options() 'quotes_favorites_file = /home/lm/.config/variety/favorite_quotes.txt'
INFO: 2025-08-12 20:27:50,424: log_options() 'quotes_font = Serif 30'
INFO: 2025-08-12 20:27:50,424: log_options() 'quotes_hpos = 100'
INFO: 2025-08-12 20:27:50,424: log_options() 'quotes_max_length = 250'
INFO: 2025-08-12 20:27:50,424: log_options() 'quotes_tags = '
INFO: 2025-08-12 20:27:50,424: log_options() 'quotes_text_color = [255, 255, 255]'
INFO: 2025-08-12 20:27:50,424: log_options() 'quotes_text_shadow = False'
INFO: 2025-08-12 20:27:50,424: log_options() 'quotes_vpos = 40'
INFO: 2025-08-12 20:27:50,424: log_options() 'quotes_width = 70'
INFO: 2025-08-12 20:27:50,424: log_options() 'safe_mode = False'
INFO: 2025-08-12 20:27:50,424: log_options() 'set_wallpaper_script = /home/lm/.config/variety/scripts/set_wallpaper'
INFO: 2025-08-12 20:27:50,424: log_options() 'slideshow_custom_enabled = False'
INFO: 2025-08-12 20:27:50,424: log_options() 'slideshow_custom_folder = /home/lm/Imagens'
INFO: 2025-08-12 20:27:50,424: log_options() 'slideshow_downloads_enabled = False'
INFO: 2025-08-12 20:27:50,424: log_options() 'slideshow_fade = 0.4'
INFO: 2025-08-12 20:27:50,424: log_options() 'slideshow_favorites_enabled = True'
INFO: 2025-08-12 20:27:50,424: log_options() 'slideshow_mode = Fullscreen'
INFO: 2025-08-12 20:27:50,424: log_options() 'slideshow_monitor = All'
INFO: 2025-08-12 20:27:50,424: log_options() 'slideshow_pan = 0.05'
INFO: 2025-08-12 20:27:50,424: log_options() 'slideshow_seconds = 6.0'
INFO: 2025-08-12 20:27:50,424: log_options() 'slideshow_sort_order = Random'
INFO: 2025-08-12 20:27:50,424: log_options() 'slideshow_sources_enabled = True'
INFO: 2025-08-12 20:27:50,424: log_options() 'slideshow_zoom = 0.2'
INFO: 2025-08-12 20:27:50,425: log_options() 'smart_enabled = False'
INFO: 2025-08-12 20:27:50,425: log_options() 'smart_notice_shown = False'
INFO: 2025-08-12 20:27:50,425: log_options() 'smart_register_shown = False'
INFO: 2025-08-12 20:27:50,425: log_options() 'sources = [[False, 'favorites', 'The Favorites folder'], [False, 'fetched', 'The Fetched folder'], [False, 'folder', '/usr/share/backgrounds'], [False, 'flickr', 'user:www.flickr.com/photos/peter-levi/;user_id:93647178@N00;'], [False, 'apod', "NASA's Astronomy Picture of the Day"], [False, 'bing', 'Bing Photo of the Day'], [False, 'earthview', 'Google Earth View Wallpapers'], [False, 'natgeo', "National Geographic's photo of the day"], [False, 'unsplash', 'High-resolution photos from Unsplash.com'], [True, 'folder', '/run/media/lm/dev/walls/landscape']]'
INFO: 2025-08-12 20:27:50,425: log_options() 'stats_enabled = True'
INFO: 2025-08-12 20:27:50,425: log_options() 'stats_notice_shown = False'
INFO: 2025-08-12 20:27:50,425: log_options() 'sync_enabled = True'
INFO: 2025-08-12 20:27:50,425: log_options() 'use_landscape_enabled = True'
INFO: 2025-08-12 20:27:50,425: log_options() 'wallhaven_api_key = '
INFO: 2025-08-12 20:27:50,425: log_options() 'wallpaper_auto_rotate = False'
INFO: 2025-08-12 20:27:50,425: log_options() 'wallpaper_display_mode = os'
INFO: 2025-08-12 20:27:50,425: clear_prepared_queue() 'Clearing prepared queue'
INFO: 2025-08-12 20:27:50,425: update_indicator() 'Setting file info to: /usr/share/backgrounds/sway/Sway_Wallpaper_Blue_2048x1536.png'
INFO: 2025-08-12 20:27:50,425: prepare_thread() 'Prepared buffer contains 0 images'
INFO: 2025-08-12 20:27:50,425: prepare_thread() 'Preparing some images'
INFO: 2025-08-12 20:27:50,432: prepare_thread() 'After search prepared buffer contains 100 images'
INFO: 2025-08-12 20:27:50,432: prepare_thread() 'Prepared buffer contains 100 images'
INFO: 2025-08-12 20:27:50,526: do_set_wp() 'Calling do_set_wp with /usr/share/backgrounds/sway/Sway_Wallpaper_Blue_2048x1536.png, time: 1755041270.5263572'
INFO: 2025-08-12 20:27:50,532: update_indicator() 'Setting file info to: /usr/share/backgrounds/sway/Sway_Wallpaper_Blue_2048x1536.png'
INFO: 2025-08-12 20:27:51,818: set_wallpaper() 'Calling set_wallpaper with /run/media/lm/dev/walls/landscape/52.jpg'
INFO: 2025-08-12 20:27:51,818: do_set_wp() 'Calling do_set_wp with /run/media/lm/dev/walls/landscape/52.jpg, time: 1755041271.818976'
INFO: 2025-08-12 20:27:51,825: update_indicator() 'Setting file info to: /run/media/lm/dev/walls/landscape/52.jpg'
INFO: 2025-08-12 20:27:52,204: update_indicator() 'Setting file info to: /run/media/lm/dev/walls/landscape/52.jpg'
INFO: 2025-08-12 20:27:52,432: trigger_download() 'Triggering download thread to check if download needed and possible'
INFO: 2025-08-12 20:27:52,432: trigger_download() 'Triggering download thread to check if download needed and possible'
INFO: 2025-08-12 20:27:53,300: trigger_download() 'Triggering download thread to check if download needed and possible'
INFO: 2025-08-12 20:32:52,139: regular_change_thread() 'regular_change changes wallpaper'
INFO: 2025-08-12 20:32:52,139: set_wallpaper() 'Calling set_wallpaper with /run/media/lm/dev/walls/landscape/49.jpg'
INFO: 2025-08-12 20:32:52,140: prepare_thread() 'Prepared buffer contains 99 images'
INFO: 2025-08-12 20:32:52,140: do_set_wp() 'Calling do_set_wp with /run/media/lm/dev/walls/landscape/49.jpg, time: 1755041572.1402032'
INFO: 2025-08-12 20:32:52,146: update_indicator() 'Setting file info to: /run/media/lm/dev/walls/landscape/49.jpg'
INFO: 2025-08-12 20:32:54,140: trigger_download() 'Triggering download thread to check if download needed and possible'
INFO: 2025-08-12 20:37:52,410: regular_change_thread() 'regular_change changes wallpaper'
INFO: 2025-08-12 20:37:52,410: set_wallpaper() 'Calling set_wallpaper with /run/media/lm/dev/walls/landscape/32.jpg'
INFO: 2025-08-12 20:37:52,410: prepare_thread() 'Prepared buffer contains 98 images'
INFO: 2025-08-12 20:37:52,411: do_set_wp() 'Calling do_set_wp with /run/media/lm/dev/walls/landscape/32.jpg, time: 1755041872.4112096'
INFO: 2025-08-12 20:37:52,417: update_indicator() 'Setting file info to: /run/media/lm/dev/walls/landscape/32.jpg'
INFO: 2025-08-12 20:37:54,411: trigger_download() 'Triggering download thread to check if download needed and possible'
INFO: 2025-08-12 20:42:52,982: regular_change_thread() 'regular_change changes wallpaper'
INFO: 2025-08-12 20:42:52,982: set_wallpaper() 'Calling set_wallpaper with /run/media/lm/dev/walls/landscape/43.jpg'
INFO: 2025-08-12 20:42:52,982: prepare_thread() 'Prepared buffer contains 97 images'
INFO: 2025-08-12 20:42:52,982: do_set_wp() 'Calling do_set_wp with /run/media/lm/dev/walls/landscape/43.jpg, time: 1755042172.9828887'
INFO: 2025-08-12 20:42:52,989: update_indicator() 'Setting file info to: /run/media/lm/dev/walls/landscape/43.jpg'
INFO: 2025-08-12 20:42:54,983: trigger_download() 'Triggering download thread to check if download needed and possible'
INFO: 2025-08-12 20:47:53,455: regular_change_thread() 'regular_change changes wallpaper'
INFO: 2025-08-12 20:47:53,455: set_wallpaper() 'Calling set_wallpaper with /run/media/lm/dev/walls/landscape/33.jpg'
INFO: 2025-08-12 20:47:53,455: prepare_thread() 'Prepared buffer contains 96 images'
INFO: 2025-08-12 20:47:53,455: do_set_wp() 'Calling do_set_wp with /run/media/lm/dev/walls/landscape/33.jpg, time: 1755042473.4554288'
INFO: 2025-08-12 20:47:53,461: update_indicator() 'Setting file info to: /run/media/lm/dev/walls/landscape/33.jpg'
INFO: 2025-08-12 20:47:55,455: trigger_download() 'Triggering download thread to check if download needed and possible'
INFO: 2025-08-12 20:52:53,675: regular_change_thread() 'regular_change changes wallpaper'
INFO: 2025-08-12 20:52:53,675: set_wallpaper() 'Calling set_wallpaper with /run/media/lm/dev/walls/landscape/96.jpg'
INFO: 2025-08-12 20:52:53,676: prepare_thread() 'Prepared buffer contains 95 images'
INFO: 2025-08-12 20:52:53,676: do_set_wp() 'Calling do_set_wp with /run/media/lm/dev/walls/landscape/96.jpg, time: 1755042773.6762514'
INFO: 2025-08-12 20:52:53,682: update_indicator() 'Setting file info to: /run/media/lm/dev/walls/landscape/96.jpg'
INFO: 2025-08-12 20:52:55,676: trigger_download() 'Triggering download thread to check if download needed and possible'
INFO: 2025-08-12 20:57:53,997: regular_change_thread() 'regular_change changes wallpaper'
INFO: 2025-08-12 20:57:53,997: set_wallpaper() 'Calling set_wallpaper with /run/media/lm/dev/walls/landscape/52.jpg'
INFO: 2025-08-12 20:57:53,997: prepare_thread() 'Prepared buffer contains 94 images'
INFO: 2025-08-12 20:57:53,997: do_set_wp() 'Calling do_set_wp with /run/media/lm/dev/walls/landscape/52.jpg, time: 1755043073.997728'
INFO: 2025-08-12 20:57:54,004: update_indicator() 'Setting file info to: /run/media/lm/dev/walls/landscape/52.jpg'
INFO: 2025-08-12 20:57:55,998: trigger_download() 'Triggering download thread to check if download needed and possible'
INFO: 2025-08-12 21:02:54,318: regular_change_thread() 'regular_change changes wallpaper'
INFO: 2025-08-12 21:02:54,318: set_wallpaper() 'Calling set_wallpaper with /run/media/lm/dev/walls/landscape/87.jpg'
INFO: 2025-08-12 21:02:54,318: prepare_thread() 'Prepared buffer contains 93 images'
INFO: 2025-08-12 21:02:54,319: do_set_wp() 'Calling do_set_wp with /run/media/lm/dev/walls/landscape/87.jpg, time: 1755043374.318998'
INFO: 2025-08-12 21:02:54,325: update_indicator() 'Setting file info to: /run/media/lm/dev/walls/landscape/87.jpg'
INFO: 2025-08-12 21:02:56,319: trigger_download() 'Triggering download thread to check if download needed and possible'
INFO: 2025-08-12 21:07:54,839: regular_change_thread() 'regular_change changes wallpaper'
INFO: 2025-08-12 21:07:54,839: set_wallpaper() 'Calling set_wallpaper with /run/media/lm/dev/walls/landscape/39.jpg'
INFO: 2025-08-12 21:07:54,839: prepare_thread() 'Prepared buffer contains 92 images'
INFO: 2025-08-12 21:07:54,840: do_set_wp() 'Calling do_set_wp with /run/media/lm/dev/walls/landscape/39.jpg, time: 1755043674.8401754'
INFO: 2025-08-12 21:07:54,846: update_indicator() 'Setting file info to: /run/media/lm/dev/walls/landscape/39.jpg'
INFO: 2025-08-12 21:07:56,840: trigger_download() 'Triggering download thread to check if download needed and possible'
INFO: 2025-08-12 21:12:55,160: regular_change_thread() 'regular_change changes wallpaper'
INFO: 2025-08-12 21:12:55,160: set_wallpaper() 'Calling set_wallpaper with /run/media/lm/dev/walls/landscape/19.jpg'
INFO: 2025-08-12 21:12:55,160: prepare_thread() 'Prepared buffer contains 91 images'
INFO: 2025-08-12 21:12:55,161: do_set_wp() 'Calling do_set_wp with /run/media/lm/dev/walls/landscape/19.jpg, time: 1755043975.1611376'
INFO: 2025-08-12 21:12:55,167: update_indicator() 'Setting file info to: /run/media/lm/dev/walls/landscape/19.jpg'
INFO: 2025-08-12 21:12:57,161: trigger_download() 'Triggering download thread to check if download needed and possible'
INFO: 2025-08-12 21:17:55,331: regular_change_thread() 'regular_change changes wallpaper'
INFO: 2025-08-12 21:17:55,331: set_wallpaper() 'Calling set_wallpaper with /run/media/lm/dev/walls/landscape/45.jpg'
INFO: 2025-08-12 21:17:55,331: prepare_thread() 'Prepared buffer contains 90 images'
INFO: 2025-08-12 21:17:55,331: do_set_wp() 'Calling do_set_wp with /run/media/lm/dev/walls/landscape/45.jpg, time: 1755044275.3317792'
INFO: 2025-08-12 21:17:55,338: update_indicator() 'Setting file info to: /run/media/lm/dev/walls/landscape/45.jpg'
INFO: 2025-08-12 21:17:57,331: trigger_download() 'Triggering download thread to check if download needed and possible'
INFO: 2025-08-12 21:22:55,602: regular_change_thread() 'regular_change changes wallpaper'
INFO: 2025-08-12 21:22:55,602: set_wallpaper() 'Calling set_wallpaper with /run/media/lm/dev/walls/landscape/62.jpg'
INFO: 2025-08-12 21:22:55,602: prepare_thread() 'Prepared buffer contains 89 images'
INFO: 2025-08-12 21:22:55,602: do_set_wp() 'Calling do_set_wp with /run/media/lm/dev/walls/landscape/62.jpg, time: 1755044575.602591'
INFO: 2025-08-12 21:22:55,609: update_indicator() 'Setting file info to: /run/media/lm/dev/walls/landscape/62.jpg'
INFO: 2025-08-12 21:22:57,602: trigger_download() 'Triggering download thread to check if download needed and possible'
INFO: 2025-08-12 21:27:56,173: regular_change_thread() 'regular_change changes wallpaper'
INFO: 2025-08-12 21:27:56,174: set_wallpaper() 'Calling set_wallpaper with /run/media/lm/dev/walls/landscape/71.jpg'
INFO: 2025-08-12 21:27:56,174: prepare_thread() 'Prepared buffer contains 88 images'
INFO: 2025-08-12 21:27:56,174: do_set_wp() 'Calling do_set_wp with /run/media/lm/dev/walls/landscape/71.jpg, time: 1755044876.1742768'
INFO: 2025-08-12 21:27:56,180: update_indicator() 'Setting file info to: /run/media/lm/dev/walls/landscape/71.jpg'
INFO: 2025-08-12 21:27:58,174: trigger_download() 'Triggering download thread to check if download needed and possible'
INFO: 2025-08-12 21:32:56,544: regular_change_thread() 'regular_change changes wallpaper'
INFO: 2025-08-12 21:32:56,544: set_wallpaper() 'Calling set_wallpaper with /run/media/lm/dev/walls/landscape/15.jpg'
INFO: 2025-08-12 21:32:56,544: prepare_thread() 'Prepared buffer contains 87 images'
INFO: 2025-08-12 21:32:56,544: do_set_wp() 'Calling do_set_wp with /run/media/lm/dev/walls/landscape/15.jpg, time: 1755045176.5449936'
INFO: 2025-08-12 21:32:56,553: update_indicator() 'Setting file info to: /run/media/lm/dev/walls/landscape/15.jpg'
INFO: 2025-08-12 21:32:58,545: trigger_download() 'Triggering download thread to check if download needed and possible'
INFO: 2025-08-12 21:37:56,817: regular_change_thread() 'regular_change changes wallpaper'
INFO: 2025-08-12 21:37:56,817: set_wallpaper() 'Calling set_wallpaper with /run/media/lm/dev/walls/landscape/74.jpg'
INFO: 2025-08-12 21:37:56,817: prepare_thread() 'Prepared buffer contains 86 images'
INFO: 2025-08-12 21:37:56,817: do_set_wp() 'Calling do_set_wp with /run/media/lm/dev/walls/landscape/74.jpg, time: 1755045476.81798'
INFO: 2025-08-12 21:37:56,825: update_indicator() 'Setting file info to: /run/media/lm/dev/walls/landscape/74.jpg'
INFO: 2025-08-12 21:37:56,825: list_files() 'More than 1 files in the folders, stop listing'
INFO: 2025-08-12 21:37:58,818: trigger_download() 'Triggering download thread to check if download needed and possible'
INFO: 2025-08-12 21:42:57,289: regular_change_thread() 'regular_change changes wallpaper'
INFO: 2025-08-12 21:42:57,289: set_wallpaper() 'Calling set_wallpaper with /run/media/lm/dev/walls/landscape/92.jpg'
INFO: 2025-08-12 21:42:57,290: do_set_wp() 'Calling do_set_wp with /run/media/lm/dev/walls/landscape/92.jpg, time: 1755045777.2900677'
INFO: 2025-08-12 21:42:57,290: prepare_thread() 'Prepared buffer contains 85 images'
INFO: 2025-08-12 21:42:57,296: update_indicator() 'Setting file info to: /run/media/lm/dev/walls/landscape/92.jpg'
INFO: 2025-08-12 21:42:57,296: list_files() 'More than 1 files in the folders, stop listing'
INFO: 2025-08-12 21:42:59,290: trigger_download() 'Triggering download thread to check if download needed and possible'
INFO: 2025-08-12 21:47:57,710: regular_change_thread() 'regular_change changes wallpaper'
INFO: 2025-08-12 21:47:57,710: set_wallpaper() 'Calling set_wallpaper with /run/media/lm/dev/walls/landscape/95.jpg'
INFO: 2025-08-12 21:47:57,710: prepare_thread() 'Prepared buffer contains 84 images'
INFO: 2025-08-12 21:47:57,711: do_set_wp() 'Calling do_set_wp with /run/media/lm/dev/walls/landscape/95.jpg, time: 1755046077.711235'
INFO: 2025-08-12 21:47:57,718: update_indicator() 'Setting file info to: /run/media/lm/dev/walls/landscape/95.jpg'
INFO: 2025-08-12 21:47:57,718: list_files() 'More than 1 files in the folders, stop listing'
INFO: 2025-08-12 21:47:59,711: trigger_download() 'Triggering download thread to check if download needed and possible'
